<?xml version="1.0" encoding="UTF-8"?>
<Site BuildName="Darwin-c++"
	BuildStamp="20251103-2006-Experimental"
	Name="eduroam-169-233-237-101.ucsc.edu"
	Generator="ctest-4.1.2"
	CompilerName="/usr/bin/c++"
	CompilerVersion="17.0.0.17000319"
	OSName="macOS"
	Hostname="eduroam-169-233-147-50.ucsc.edu"
	OSRelease="26.0.1"
	OSVersion="25A362"
	OSPlatform="arm64"
	Is64Bits="1"
	VendorString="Apple"
	VendorID="Apple"
	FamilyID="0"
	ModelID="0"
	ModelName="Apple M1 Pro"
	ProcessorCacheSize="131072"
	NumberOfLogicalCPU="8"
	NumberOfPhysicalCPU="8"
	TotalVirtualMemory="5120"
	TotalPhysicalMemory="16384"
	LogicalProcessorsPerPhysical="8"
	ProcessorClockFrequency="0"
	>
	<Testing>
		<StartDateTime>Nov 03 13:41 PST</StartDateTime>
		<StartTestTime>1762206108</StartTestTime>
		<TestList/>
		<EndDateTime>Nov 03 13:41 PST</EndDateTime>
		<EndTestTime>1762206108</EndTestTime>
		<ElapsedMinutes>0</ElapsedMinutes>
	</Testing>
</Site>
